[05-Jan-2024 16:25:09 UTC] Cron reschedule event error for hook: action_scheduler_run_queue, Error code: invalid_schedule, Error message: L’évènement planifié n’existe pas., Data: {"schedule":"every_minute","args":["WP Cron"],"interval":60}
[05-Jan-2024 16:25:17 UTC] Cron reschedule event error for hook: woocommerce_geoip_updater, Error code: invalid_schedule, Error message: L’évènement planifié n’existe pas., Data: {"schedule":"fifteendays","args":[],"interval":1296000}
[05-Jan-2024 16:38:02 UTC] PHP Fatal error:  Uncaught Error: Call to undefined function bulk_image_resizer\imagecreatefromwebp() in /Users/fadmamoumni/Local Sites/chic-dressing/app/public/wp-content/plugins/bulk-image-resizer/includes/class-bir-optimize-function.php:116
Stack trace:
#0 /Users/fadmamoumni/Local Sites/chic-dressing/app/public/wp-content/plugins/bulk-image-resizer/includes/class-bir-facade.php(29): bulk_image_resizer\Bir_optimize_functions::optimize(175, 1920, 1080, 82, true)
#1 /Users/fadmamoumni/Local Sites/chic-dressing/app/public/wp-content/plugins/bulk-image-resizer/includes/class-bir-loader.php(110): bulk_image_resizer\Bir_facade::process_image('175')
#2 /Users/fadmamoumni/Local Sites/chic-dressing/app/public/wp-includes/class-wp-hook.php(324): bulk_image_resizer\Bir_loader->next_bulk('')
#3 /Users/fadmamoumni/Local Sites/chic-dressing/app/public/wp-includes/class-wp-hook.php(348): WP_Hook->apply_filters('', Array)
#4 /Users/fadmamoumni/Local Sites/chic-dressing/app/public/wp-includes/plugin.php(517): WP_Hook->do_action(Array)
#5 /Us in /Users/fadmamoumni/Local Sites/chic-dressing/app/public/wp-content/plugins/bulk-image-resizer/includes/class-bir-optimize-function.php on line 116
[05-Jan-2024 16:38:05 UTC] PHP Fatal error:  Uncaught Error: Call to undefined function bulk_image_resizer\imagecreatefromwebp() in /Users/fadmamoumni/Local Sites/chic-dressing/app/public/wp-content/plugins/bulk-image-resizer/includes/class-bir-optimize-function.php:116
Stack trace:
#0 /Users/fadmamoumni/Local Sites/chic-dressing/app/public/wp-content/plugins/bulk-image-resizer/includes/class-bir-facade.php(29): bulk_image_resizer\Bir_optimize_functions::optimize(176, 1920, 1080, 82, true)
#1 /Users/fadmamoumni/Local Sites/chic-dressing/app/public/wp-content/plugins/bulk-image-resizer/includes/class-bir-loader.php(110): bulk_image_resizer\Bir_facade::process_image('176')
#2 /Users/fadmamoumni/Local Sites/chic-dressing/app/public/wp-includes/class-wp-hook.php(324): bulk_image_resizer\Bir_loader->next_bulk('')
#3 /Users/fadmamoumni/Local Sites/chic-dressing/app/public/wp-includes/class-wp-hook.php(348): WP_Hook->apply_filters('', Array)
#4 /Users/fadmamoumni/Local Sites/chic-dressing/app/public/wp-includes/plugin.php(517): WP_Hook->do_action(Array)
#5 /Us in /Users/fadmamoumni/Local Sites/chic-dressing/app/public/wp-content/plugins/bulk-image-resizer/includes/class-bir-optimize-function.php on line 116
[05-Jan-2024 16:38:07 UTC] PHP Fatal error:  Uncaught Error: Call to undefined function bulk_image_resizer\imagecreatefromwebp() in /Users/fadmamoumni/Local Sites/chic-dressing/app/public/wp-content/plugins/bulk-image-resizer/includes/class-bir-optimize-function.php:116
Stack trace:
#0 /Users/fadmamoumni/Local Sites/chic-dressing/app/public/wp-content/plugins/bulk-image-resizer/includes/class-bir-facade.php(29): bulk_image_resizer\Bir_optimize_functions::optimize(834, 1920, 1080, 82, true)
#1 /Users/fadmamoumni/Local Sites/chic-dressing/app/public/wp-content/plugins/bulk-image-resizer/includes/class-bir-loader.php(110): bulk_image_resizer\Bir_facade::process_image('834')
#2 /Users/fadmamoumni/Local Sites/chic-dressing/app/public/wp-includes/class-wp-hook.php(324): bulk_image_resizer\Bir_loader->next_bulk('')
#3 /Users/fadmamoumni/Local Sites/chic-dressing/app/public/wp-includes/class-wp-hook.php(348): WP_Hook->apply_filters('', Array)
#4 /Users/fadmamoumni/Local Sites/chic-dressing/app/public/wp-includes/plugin.php(517): WP_Hook->do_action(Array)
#5 /Us in /Users/fadmamoumni/Local Sites/chic-dressing/app/public/wp-content/plugins/bulk-image-resizer/includes/class-bir-optimize-function.php on line 116
[05-Jan-2024 16:38:17 UTC] PHP Fatal error:  Uncaught Error: Call to undefined function bulk_image_resizer\imagecreatefromwebp() in /Users/fadmamoumni/Local Sites/chic-dressing/app/public/wp-content/plugins/bulk-image-resizer/includes/class-bir-optimize-function.php:116
Stack trace:
#0 /Users/fadmamoumni/Local Sites/chic-dressing/app/public/wp-content/plugins/bulk-image-resizer/includes/class-bir-facade.php(29): bulk_image_resizer\Bir_optimize_functions::optimize(856, 1920, 1080, 82, true)
#1 /Users/fadmamoumni/Local Sites/chic-dressing/app/public/wp-content/plugins/bulk-image-resizer/includes/class-bir-loader.php(110): bulk_image_resizer\Bir_facade::process_image('856')
#2 /Users/fadmamoumni/Local Sites/chic-dressing/app/public/wp-includes/class-wp-hook.php(324): bulk_image_resizer\Bir_loader->next_bulk('')
#3 /Users/fadmamoumni/Local Sites/chic-dressing/app/public/wp-includes/class-wp-hook.php(348): WP_Hook->apply_filters('', Array)
#4 /Users/fadmamoumni/Local Sites/chic-dressing/app/public/wp-includes/plugin.php(517): WP_Hook->do_action(Array)
#5 /Us in /Users/fadmamoumni/Local Sites/chic-dressing/app/public/wp-content/plugins/bulk-image-resizer/includes/class-bir-optimize-function.php on line 116
[05-Jan-2024 19:12:47 UTC] PHP Fatal error:  Uncaught Error: Call to undefined function bulk_image_resizer\imagecreatefromwebp() in /Users/fadmamoumni/Local Sites/chic-dressing/app/public/wp-content/plugins/bulk-image-resizer/includes/class-bir-optimize-function.php:116
Stack trace:
#0 /Users/fadmamoumni/Local Sites/chic-dressing/app/public/wp-content/plugins/bulk-image-resizer/includes/class-bir-facade.php(29): bulk_image_resizer\Bir_optimize_functions::optimize(921, 1920, 1080, 82, true)
#1 /Users/fadmamoumni/Local Sites/chic-dressing/app/public/wp-content/plugins/bulk-image-resizer/includes/class-bir-loader.php(110): bulk_image_resizer\Bir_facade::process_image('921')
#2 /Users/fadmamoumni/Local Sites/chic-dressing/app/public/wp-includes/class-wp-hook.php(324): bulk_image_resizer\Bir_loader->next_bulk('')
#3 /Users/fadmamoumni/Local Sites/chic-dressing/app/public/wp-includes/class-wp-hook.php(348): WP_Hook->apply_filters('', Array)
#4 /Users/fadmamoumni/Local Sites/chic-dressing/app/public/wp-includes/plugin.php(517): WP_Hook->do_action(Array)
#5 /Us in /Users/fadmamoumni/Local Sites/chic-dressing/app/public/wp-content/plugins/bulk-image-resizer/includes/class-bir-optimize-function.php on line 116
[05-Jan-2024 19:12:50 UTC] PHP Fatal error:  Uncaught Error: Call to undefined function bulk_image_resizer\imagecreatefromwebp() in /Users/fadmamoumni/Local Sites/chic-dressing/app/public/wp-content/plugins/bulk-image-resizer/includes/class-bir-optimize-function.php:116
Stack trace:
#0 /Users/fadmamoumni/Local Sites/chic-dressing/app/public/wp-content/plugins/bulk-image-resizer/includes/class-bir-facade.php(29): bulk_image_resizer\Bir_optimize_functions::optimize(922, 1920, 1080, 82, true)
#1 /Users/fadmamoumni/Local Sites/chic-dressing/app/public/wp-content/plugins/bulk-image-resizer/includes/class-bir-loader.php(110): bulk_image_resizer\Bir_facade::process_image('922')
#2 /Users/fadmamoumni/Local Sites/chic-dressing/app/public/wp-includes/class-wp-hook.php(324): bulk_image_resizer\Bir_loader->next_bulk('')
#3 /Users/fadmamoumni/Local Sites/chic-dressing/app/public/wp-includes/class-wp-hook.php(348): WP_Hook->apply_filters('', Array)
#4 /Users/fadmamoumni/Local Sites/chic-dressing/app/public/wp-includes/plugin.php(517): WP_Hook->do_action(Array)
#5 /Us in /Users/fadmamoumni/Local Sites/chic-dressing/app/public/wp-content/plugins/bulk-image-resizer/includes/class-bir-optimize-function.php on line 116
[05-Jan-2024 19:12:51 UTC] PHP Fatal error:  Uncaught Error: Call to undefined function bulk_image_resizer\imagecreatefromwebp() in /Users/fadmamoumni/Local Sites/chic-dressing/app/public/wp-content/plugins/bulk-image-resizer/includes/class-bir-optimize-function.php:116
Stack trace:
#0 /Users/fadmamoumni/Local Sites/chic-dressing/app/public/wp-content/plugins/bulk-image-resizer/includes/class-bir-facade.php(29): bulk_image_resizer\Bir_optimize_functions::optimize(933, 1920, 1080, 82, true)
#1 /Users/fadmamoumni/Local Sites/chic-dressing/app/public/wp-content/plugins/bulk-image-resizer/includes/class-bir-loader.php(110): bulk_image_resizer\Bir_facade::process_image('933')
#2 /Users/fadmamoumni/Local Sites/chic-dressing/app/public/wp-includes/class-wp-hook.php(324): bulk_image_resizer\Bir_loader->next_bulk('')
#3 /Users/fadmamoumni/Local Sites/chic-dressing/app/public/wp-includes/class-wp-hook.php(348): WP_Hook->apply_filters('', Array)
#4 /Users/fadmamoumni/Local Sites/chic-dressing/app/public/wp-includes/plugin.php(517): WP_Hook->do_action(Array)
#5 /Us in /Users/fadmamoumni/Local Sites/chic-dressing/app/public/wp-content/plugins/bulk-image-resizer/includes/class-bir-optimize-function.php on line 116
[05-Jan-2024 19:12:53 UTC] PHP Fatal error:  Uncaught Error: Call to undefined function bulk_image_resizer\imagecreatefromwebp() in /Users/fadmamoumni/Local Sites/chic-dressing/app/public/wp-content/plugins/bulk-image-resizer/includes/class-bir-optimize-function.php:116
Stack trace:
#0 /Users/fadmamoumni/Local Sites/chic-dressing/app/public/wp-content/plugins/bulk-image-resizer/includes/class-bir-facade.php(29): bulk_image_resizer\Bir_optimize_functions::optimize(940, 1920, 1080, 82, true)
#1 /Users/fadmamoumni/Local Sites/chic-dressing/app/public/wp-content/plugins/bulk-image-resizer/includes/class-bir-loader.php(110): bulk_image_resizer\Bir_facade::process_image('940')
#2 /Users/fadmamoumni/Local Sites/chic-dressing/app/public/wp-includes/class-wp-hook.php(324): bulk_image_resizer\Bir_loader->next_bulk('')
#3 /Users/fadmamoumni/Local Sites/chic-dressing/app/public/wp-includes/class-wp-hook.php(348): WP_Hook->apply_filters('', Array)
#4 /Users/fadmamoumni/Local Sites/chic-dressing/app/public/wp-includes/plugin.php(517): WP_Hook->do_action(Array)
#5 /Us in /Users/fadmamoumni/Local Sites/chic-dressing/app/public/wp-content/plugins/bulk-image-resizer/includes/class-bir-optimize-function.php on line 116
[05-Jan-2024 19:12:54 UTC] PHP Fatal error:  Uncaught Error: Call to undefined function bulk_image_resizer\imagecreatefromwebp() in /Users/fadmamoumni/Local Sites/chic-dressing/app/public/wp-content/plugins/bulk-image-resizer/includes/class-bir-optimize-function.php:116
Stack trace:
#0 /Users/fadmamoumni/Local Sites/chic-dressing/app/public/wp-content/plugins/bulk-image-resizer/includes/class-bir-facade.php(29): bulk_image_resizer\Bir_optimize_functions::optimize(949, 1920, 1080, 82, true)
#1 /Users/fadmamoumni/Local Sites/chic-dressing/app/public/wp-content/plugins/bulk-image-resizer/includes/class-bir-loader.php(110): bulk_image_resizer\Bir_facade::process_image('949')
#2 /Users/fadmamoumni/Local Sites/chic-dressing/app/public/wp-includes/class-wp-hook.php(324): bulk_image_resizer\Bir_loader->next_bulk('')
#3 /Users/fadmamoumni/Local Sites/chic-dressing/app/public/wp-includes/class-wp-hook.php(348): WP_Hook->apply_filters('', Array)
#4 /Users/fadmamoumni/Local Sites/chic-dressing/app/public/wp-includes/plugin.php(517): WP_Hook->do_action(Array)
#5 /Us in /Users/fadmamoumni/Local Sites/chic-dressing/app/public/wp-content/plugins/bulk-image-resizer/includes/class-bir-optimize-function.php on line 116
[05-Jan-2024 19:12:55 UTC] PHP Fatal error:  Uncaught Error: Call to undefined function bulk_image_resizer\imagecreatefromwebp() in /Users/fadmamoumni/Local Sites/chic-dressing/app/public/wp-content/plugins/bulk-image-resizer/includes/class-bir-optimize-function.php:116
Stack trace:
#0 /Users/fadmamoumni/Local Sites/chic-dressing/app/public/wp-content/plugins/bulk-image-resizer/includes/class-bir-facade.php(29): bulk_image_resizer\Bir_optimize_functions::optimize(951, 1920, 1080, 82, true)
#1 /Users/fadmamoumni/Local Sites/chic-dressing/app/public/wp-content/plugins/bulk-image-resizer/includes/class-bir-loader.php(110): bulk_image_resizer\Bir_facade::process_image('951')
#2 /Users/fadmamoumni/Local Sites/chic-dressing/app/public/wp-includes/class-wp-hook.php(324): bulk_image_resizer\Bir_loader->next_bulk('')
#3 /Users/fadmamoumni/Local Sites/chic-dressing/app/public/wp-includes/class-wp-hook.php(348): WP_Hook->apply_filters('', Array)
#4 /Users/fadmamoumni/Local Sites/chic-dressing/app/public/wp-includes/plugin.php(517): WP_Hook->do_action(Array)
#5 /Us in /Users/fadmamoumni/Local Sites/chic-dressing/app/public/wp-content/plugins/bulk-image-resizer/includes/class-bir-optimize-function.php on line 116
[05-Jan-2024 19:12:57 UTC] PHP Fatal error:  Uncaught Error: Call to undefined function bulk_image_resizer\imagecreatefromwebp() in /Users/fadmamoumni/Local Sites/chic-dressing/app/public/wp-content/plugins/bulk-image-resizer/includes/class-bir-optimize-function.php:116
Stack trace:
#0 /Users/fadmamoumni/Local Sites/chic-dressing/app/public/wp-content/plugins/bulk-image-resizer/includes/class-bir-facade.php(29): bulk_image_resizer\Bir_optimize_functions::optimize(953, 1920, 1080, 82, true)
#1 /Users/fadmamoumni/Local Sites/chic-dressing/app/public/wp-content/plugins/bulk-image-resizer/includes/class-bir-loader.php(110): bulk_image_resizer\Bir_facade::process_image('953')
#2 /Users/fadmamoumni/Local Sites/chic-dressing/app/public/wp-includes/class-wp-hook.php(324): bulk_image_resizer\Bir_loader->next_bulk('')
#3 /Users/fadmamoumni/Local Sites/chic-dressing/app/public/wp-includes/class-wp-hook.php(348): WP_Hook->apply_filters('', Array)
#4 /Users/fadmamoumni/Local Sites/chic-dressing/app/public/wp-includes/plugin.php(517): WP_Hook->do_action(Array)
#5 /Us in /Users/fadmamoumni/Local Sites/chic-dressing/app/public/wp-content/plugins/bulk-image-resizer/includes/class-bir-optimize-function.php on line 116
[05-Jan-2024 19:12:59 UTC] PHP Fatal error:  Uncaught Error: Call to undefined function bulk_image_resizer\imagecreatefromwebp() in /Users/fadmamoumni/Local Sites/chic-dressing/app/public/wp-content/plugins/bulk-image-resizer/includes/class-bir-optimize-function.php:116
Stack trace:
#0 /Users/fadmamoumni/Local Sites/chic-dressing/app/public/wp-content/plugins/bulk-image-resizer/includes/class-bir-facade.php(29): bulk_image_resizer\Bir_optimize_functions::optimize(954, 1920, 1080, 82, true)
#1 /Users/fadmamoumni/Local Sites/chic-dressing/app/public/wp-content/plugins/bulk-image-resizer/includes/class-bir-loader.php(110): bulk_image_resizer\Bir_facade::process_image('954')
#2 /Users/fadmamoumni/Local Sites/chic-dressing/app/public/wp-includes/class-wp-hook.php(324): bulk_image_resizer\Bir_loader->next_bulk('')
#3 /Users/fadmamoumni/Local Sites/chic-dressing/app/public/wp-includes/class-wp-hook.php(348): WP_Hook->apply_filters('', Array)
#4 /Users/fadmamoumni/Local Sites/chic-dressing/app/public/wp-includes/plugin.php(517): WP_Hook->do_action(Array)
#5 /Us in /Users/fadmamoumni/Local Sites/chic-dressing/app/public/wp-content/plugins/bulk-image-resizer/includes/class-bir-optimize-function.php on line 116
[05-Jan-2024 19:13:02 UTC] PHP Fatal error:  Uncaught Error: Call to undefined function bulk_image_resizer\imagecreatefromwebp() in /Users/fadmamoumni/Local Sites/chic-dressing/app/public/wp-content/plugins/bulk-image-resizer/includes/class-bir-optimize-function.php:116
Stack trace:
#0 /Users/fadmamoumni/Local Sites/chic-dressing/app/public/wp-content/plugins/bulk-image-resizer/includes/class-bir-facade.php(29): bulk_image_resizer\Bir_optimize_functions::optimize(955, 1920, 1080, 82, true)
#1 /Users/fadmamoumni/Local Sites/chic-dressing/app/public/wp-content/plugins/bulk-image-resizer/includes/class-bir-loader.php(110): bulk_image_resizer\Bir_facade::process_image('955')
#2 /Users/fadmamoumni/Local Sites/chic-dressing/app/public/wp-includes/class-wp-hook.php(324): bulk_image_resizer\Bir_loader->next_bulk('')
#3 /Users/fadmamoumni/Local Sites/chic-dressing/app/public/wp-includes/class-wp-hook.php(348): WP_Hook->apply_filters('', Array)
#4 /Users/fadmamoumni/Local Sites/chic-dressing/app/public/wp-includes/plugin.php(517): WP_Hook->do_action(Array)
#5 /Us in /Users/fadmamoumni/Local Sites/chic-dressing/app/public/wp-content/plugins/bulk-image-resizer/includes/class-bir-optimize-function.php on line 116
[05-Jan-2024 19:13:05 UTC] PHP Fatal error:  Uncaught Error: Call to undefined function bulk_image_resizer\imagecreatefromwebp() in /Users/fadmamoumni/Local Sites/chic-dressing/app/public/wp-content/plugins/bulk-image-resizer/includes/class-bir-optimize-function.php:116
Stack trace:
#0 /Users/fadmamoumni/Local Sites/chic-dressing/app/public/wp-content/plugins/bulk-image-resizer/includes/class-bir-facade.php(29): bulk_image_resizer\Bir_optimize_functions::optimize(956, 1920, 1080, 82, true)
#1 /Users/fadmamoumni/Local Sites/chic-dressing/app/public/wp-content/plugins/bulk-image-resizer/includes/class-bir-loader.php(110): bulk_image_resizer\Bir_facade::process_image('956')
#2 /Users/fadmamoumni/Local Sites/chic-dressing/app/public/wp-includes/class-wp-hook.php(324): bulk_image_resizer\Bir_loader->next_bulk('')
#3 /Users/fadmamoumni/Local Sites/chic-dressing/app/public/wp-includes/class-wp-hook.php(348): WP_Hook->apply_filters('', Array)
#4 /Users/fadmamoumni/Local Sites/chic-dressing/app/public/wp-includes/plugin.php(517): WP_Hook->do_action(Array)
#5 /Us in /Users/fadmamoumni/Local Sites/chic-dressing/app/public/wp-content/plugins/bulk-image-resizer/includes/class-bir-optimize-function.php on line 116
[05-Jan-2024 19:13:24 UTC] PHP Fatal error:  Uncaught Error: Call to undefined function bulk_image_resizer\imagecreatefromwebp() in /Users/fadmamoumni/Local Sites/chic-dressing/app/public/wp-content/plugins/bulk-image-resizer/includes/class-bir-optimize-function.php:116
Stack trace:
#0 /Users/fadmamoumni/Local Sites/chic-dressing/app/public/wp-content/plugins/bulk-image-resizer/includes/class-bir-facade.php(29): bulk_image_resizer\Bir_optimize_functions::optimize(957, 1920, 1080, 82, true)
#1 /Users/fadmamoumni/Local Sites/chic-dressing/app/public/wp-content/plugins/bulk-image-resizer/includes/class-bir-loader.php(110): bulk_image_resizer\Bir_facade::process_image('957')
#2 /Users/fadmamoumni/Local Sites/chic-dressing/app/public/wp-includes/class-wp-hook.php(324): bulk_image_resizer\Bir_loader->next_bulk('')
#3 /Users/fadmamoumni/Local Sites/chic-dressing/app/public/wp-includes/class-wp-hook.php(348): WP_Hook->apply_filters('', Array)
#4 /Users/fadmamoumni/Local Sites/chic-dressing/app/public/wp-includes/plugin.php(517): WP_Hook->do_action(Array)
#5 /Us in /Users/fadmamoumni/Local Sites/chic-dressing/app/public/wp-content/plugins/bulk-image-resizer/includes/class-bir-optimize-function.php on line 116
[05-Jan-2024 19:13:26 UTC] PHP Fatal error:  Uncaught Error: Call to undefined function bulk_image_resizer\imagecreatefromwebp() in /Users/fadmamoumni/Local Sites/chic-dressing/app/public/wp-content/plugins/bulk-image-resizer/includes/class-bir-optimize-function.php:116
Stack trace:
#0 /Users/fadmamoumni/Local Sites/chic-dressing/app/public/wp-content/plugins/bulk-image-resizer/includes/class-bir-facade.php(29): bulk_image_resizer\Bir_optimize_functions::optimize(958, 1920, 1080, 82, true)
#1 /Users/fadmamoumni/Local Sites/chic-dressing/app/public/wp-content/plugins/bulk-image-resizer/includes/class-bir-loader.php(110): bulk_image_resizer\Bir_facade::process_image('958')
#2 /Users/fadmamoumni/Local Sites/chic-dressing/app/public/wp-includes/class-wp-hook.php(324): bulk_image_resizer\Bir_loader->next_bulk('')
#3 /Users/fadmamoumni/Local Sites/chic-dressing/app/public/wp-includes/class-wp-hook.php(348): WP_Hook->apply_filters('', Array)
#4 /Users/fadmamoumni/Local Sites/chic-dressing/app/public/wp-includes/plugin.php(517): WP_Hook->do_action(Array)
#5 /Us in /Users/fadmamoumni/Local Sites/chic-dressing/app/public/wp-content/plugins/bulk-image-resizer/includes/class-bir-optimize-function.php on line 116
[05-Jan-2024 19:13:28 UTC] PHP Fatal error:  Uncaught Error: Call to undefined function bulk_image_resizer\imagecreatefromwebp() in /Users/fadmamoumni/Local Sites/chic-dressing/app/public/wp-content/plugins/bulk-image-resizer/includes/class-bir-optimize-function.php:116
Stack trace:
#0 /Users/fadmamoumni/Local Sites/chic-dressing/app/public/wp-content/plugins/bulk-image-resizer/includes/class-bir-facade.php(29): bulk_image_resizer\Bir_optimize_functions::optimize(959, 1920, 1080, 82, true)
#1 /Users/fadmamoumni/Local Sites/chic-dressing/app/public/wp-content/plugins/bulk-image-resizer/includes/class-bir-loader.php(110): bulk_image_resizer\Bir_facade::process_image('959')
#2 /Users/fadmamoumni/Local Sites/chic-dressing/app/public/wp-includes/class-wp-hook.php(324): bulk_image_resizer\Bir_loader->next_bulk('')
#3 /Users/fadmamoumni/Local Sites/chic-dressing/app/public/wp-includes/class-wp-hook.php(348): WP_Hook->apply_filters('', Array)
#4 /Users/fadmamoumni/Local Sites/chic-dressing/app/public/wp-includes/plugin.php(517): WP_Hook->do_action(Array)
#5 /Us in /Users/fadmamoumni/Local Sites/chic-dressing/app/public/wp-content/plugins/bulk-image-resizer/includes/class-bir-optimize-function.php on line 116
[05-Jan-2024 19:13:31 UTC] PHP Fatal error:  Uncaught Error: Call to undefined function bulk_image_resizer\imagecreatefromwebp() in /Users/fadmamoumni/Local Sites/chic-dressing/app/public/wp-content/plugins/bulk-image-resizer/includes/class-bir-optimize-function.php:116
Stack trace:
#0 /Users/fadmamoumni/Local Sites/chic-dressing/app/public/wp-content/plugins/bulk-image-resizer/includes/class-bir-facade.php(29): bulk_image_resizer\Bir_optimize_functions::optimize(960, 1920, 1080, 82, true)
#1 /Users/fadmamoumni/Local Sites/chic-dressing/app/public/wp-content/plugins/bulk-image-resizer/includes/class-bir-loader.php(110): bulk_image_resizer\Bir_facade::process_image('960')
#2 /Users/fadmamoumni/Local Sites/chic-dressing/app/public/wp-includes/class-wp-hook.php(324): bulk_image_resizer\Bir_loader->next_bulk('')
#3 /Users/fadmamoumni/Local Sites/chic-dressing/app/public/wp-includes/class-wp-hook.php(348): WP_Hook->apply_filters('', Array)
#4 /Users/fadmamoumni/Local Sites/chic-dressing/app/public/wp-includes/plugin.php(517): WP_Hook->do_action(Array)
#5 /Us in /Users/fadmamoumni/Local Sites/chic-dressing/app/public/wp-content/plugins/bulk-image-resizer/includes/class-bir-optimize-function.php on line 116
[05-Jan-2024 19:33:20 UTC] Cron reschedule event error for hook: action_scheduler_run_queue, Error code: invalid_schedule, Error message: L’évènement planifié n’existe pas., Data: {"schedule":"every_minute","args":["WP Cron"],"interval":60}
[05-Jan-2024 19:33:28 UTC] Cron reschedule event error for hook: woocommerce_geoip_updater, Error code: invalid_schedule, Error message: L’évènement planifié n’existe pas., Data: {"schedule":"fifteendays","args":[],"interval":1296000}
[05-Jan-2024 19:36:46 UTC] PHP Fatal error:  Uncaught Error: Call to undefined function bulk_image_resizer\imagecreatefromwebp() in /Users/fadmamoumni/Local Sites/chic-dressing/app/public/wp-content/plugins/bulk-image-resizer/includes/class-bir-optimize-function.php:116
Stack trace:
#0 /Users/fadmamoumni/Local Sites/chic-dressing/app/public/wp-content/plugins/bulk-image-resizer/includes/class-bir-facade.php(29): bulk_image_resizer\Bir_optimize_functions::optimize(175, 1920, 1080, 82, true)
#1 /Users/fadmamoumni/Local Sites/chic-dressing/app/public/wp-content/plugins/bulk-image-resizer/includes/class-bir-loader.php(110): bulk_image_resizer\Bir_facade::process_image('175')
#2 /Users/fadmamoumni/Local Sites/chic-dressing/app/public/wp-includes/class-wp-hook.php(324): bulk_image_resizer\Bir_loader->next_bulk('')
#3 /Users/fadmamoumni/Local Sites/chic-dressing/app/public/wp-includes/class-wp-hook.php(348): WP_Hook->apply_filters('', Array)
#4 /Users/fadmamoumni/Local Sites/chic-dressing/app/public/wp-includes/plugin.php(517): WP_Hook->do_action(Array)
#5 /Us in /Users/fadmamoumni/Local Sites/chic-dressing/app/public/wp-content/plugins/bulk-image-resizer/includes/class-bir-optimize-function.php on line 116
[05-Jan-2024 19:37:07 UTC] PHP Fatal error:  Uncaught Error: Call to undefined function bulk_image_resizer\imagecreatefromwebp() in /Users/fadmamoumni/Local Sites/chic-dressing/app/public/wp-content/plugins/bulk-image-resizer/includes/class-bir-optimize-function.php:116
Stack trace:
#0 /Users/fadmamoumni/Local Sites/chic-dressing/app/public/wp-content/plugins/bulk-image-resizer/includes/class-bir-facade.php(29): bulk_image_resizer\Bir_optimize_functions::optimize(176, 1920, 1080, 82, true)
#1 /Users/fadmamoumni/Local Sites/chic-dressing/app/public/wp-content/plugins/bulk-image-resizer/includes/class-bir-loader.php(110): bulk_image_resizer\Bir_facade::process_image('176')
#2 /Users/fadmamoumni/Local Sites/chic-dressing/app/public/wp-includes/class-wp-hook.php(324): bulk_image_resizer\Bir_loader->next_bulk('')
#3 /Users/fadmamoumni/Local Sites/chic-dressing/app/public/wp-includes/class-wp-hook.php(348): WP_Hook->apply_filters('', Array)
#4 /Users/fadmamoumni/Local Sites/chic-dressing/app/public/wp-includes/plugin.php(517): WP_Hook->do_action(Array)
#5 /Us in /Users/fadmamoumni/Local Sites/chic-dressing/app/public/wp-content/plugins/bulk-image-resizer/includes/class-bir-optimize-function.php on line 116
[05-Jan-2024 19:37:09 UTC] PHP Fatal error:  Uncaught Error: Call to undefined function bulk_image_resizer\imagecreatefromwebp() in /Users/fadmamoumni/Local Sites/chic-dressing/app/public/wp-content/plugins/bulk-image-resizer/includes/class-bir-optimize-function.php:116
Stack trace:
#0 /Users/fadmamoumni/Local Sites/chic-dressing/app/public/wp-content/plugins/bulk-image-resizer/includes/class-bir-facade.php(29): bulk_image_resizer\Bir_optimize_functions::optimize(834, 1920, 1080, 82, true)
#1 /Users/fadmamoumni/Local Sites/chic-dressing/app/public/wp-content/plugins/bulk-image-resizer/includes/class-bir-loader.php(110): bulk_image_resizer\Bir_facade::process_image('834')
#2 /Users/fadmamoumni/Local Sites/chic-dressing/app/public/wp-includes/class-wp-hook.php(324): bulk_image_resizer\Bir_loader->next_bulk('')
#3 /Users/fadmamoumni/Local Sites/chic-dressing/app/public/wp-includes/class-wp-hook.php(348): WP_Hook->apply_filters('', Array)
#4 /Users/fadmamoumni/Local Sites/chic-dressing/app/public/wp-includes/plugin.php(517): WP_Hook->do_action(Array)
#5 /Us in /Users/fadmamoumni/Local Sites/chic-dressing/app/public/wp-content/plugins/bulk-image-resizer/includes/class-bir-optimize-function.php on line 116
[05-Jan-2024 19:37:12 UTC] PHP Fatal error:  Uncaught Error: Call to undefined function bulk_image_resizer\imagecreatefromwebp() in /Users/fadmamoumni/Local Sites/chic-dressing/app/public/wp-content/plugins/bulk-image-resizer/includes/class-bir-optimize-function.php:116
Stack trace:
#0 /Users/fadmamoumni/Local Sites/chic-dressing/app/public/wp-content/plugins/bulk-image-resizer/includes/class-bir-facade.php(29): bulk_image_resizer\Bir_optimize_functions::optimize(856, 1920, 1080, 82, true)
#1 /Users/fadmamoumni/Local Sites/chic-dressing/app/public/wp-content/plugins/bulk-image-resizer/includes/class-bir-loader.php(110): bulk_image_resizer\Bir_facade::process_image('856')
#2 /Users/fadmamoumni/Local Sites/chic-dressing/app/public/wp-includes/class-wp-hook.php(324): bulk_image_resizer\Bir_loader->next_bulk('')
#3 /Users/fadmamoumni/Local Sites/chic-dressing/app/public/wp-includes/class-wp-hook.php(348): WP_Hook->apply_filters('', Array)
#4 /Users/fadmamoumni/Local Sites/chic-dressing/app/public/wp-includes/plugin.php(517): WP_Hook->do_action(Array)
#5 /Us in /Users/fadmamoumni/Local Sites/chic-dressing/app/public/wp-content/plugins/bulk-image-resizer/includes/class-bir-optimize-function.php on line 116
[05-Jan-2024 19:37:17 UTC] PHP Fatal error:  Uncaught Error: Call to undefined function bulk_image_resizer\imagecreatefromwebp() in /Users/fadmamoumni/Local Sites/chic-dressing/app/public/wp-content/plugins/bulk-image-resizer/includes/class-bir-optimize-function.php:116
Stack trace:
#0 /Users/fadmamoumni/Local Sites/chic-dressing/app/public/wp-content/plugins/bulk-image-resizer/includes/class-bir-facade.php(29): bulk_image_resizer\Bir_optimize_functions::optimize(921, 1920, 1080, 82, true)
#1 /Users/fadmamoumni/Local Sites/chic-dressing/app/public/wp-content/plugins/bulk-image-resizer/includes/class-bir-loader.php(110): bulk_image_resizer\Bir_facade::process_image('921')
#2 /Users/fadmamoumni/Local Sites/chic-dressing/app/public/wp-includes/class-wp-hook.php(324): bulk_image_resizer\Bir_loader->next_bulk('')
#3 /Users/fadmamoumni/Local Sites/chic-dressing/app/public/wp-includes/class-wp-hook.php(348): WP_Hook->apply_filters('', Array)
#4 /Users/fadmamoumni/Local Sites/chic-dressing/app/public/wp-includes/plugin.php(517): WP_Hook->do_action(Array)
#5 /Us in /Users/fadmamoumni/Local Sites/chic-dressing/app/public/wp-content/plugins/bulk-image-resizer/includes/class-bir-optimize-function.php on line 116
[05-Jan-2024 19:37:23 UTC] PHP Fatal error:  Uncaught Error: Call to undefined function bulk_image_resizer\imagecreatefromwebp() in /Users/fadmamoumni/Local Sites/chic-dressing/app/public/wp-content/plugins/bulk-image-resizer/includes/class-bir-optimize-function.php:116
Stack trace:
#0 /Users/fadmamoumni/Local Sites/chic-dressing/app/public/wp-content/plugins/bulk-image-resizer/includes/class-bir-facade.php(29): bulk_image_resizer\Bir_optimize_functions::optimize(922, 1920, 1080, 82, true)
#1 /Users/fadmamoumni/Local Sites/chic-dressing/app/public/wp-content/plugins/bulk-image-resizer/includes/class-bir-loader.php(110): bulk_image_resizer\Bir_facade::process_image('922')
#2 /Users/fadmamoumni/Local Sites/chic-dressing/app/public/wp-includes/class-wp-hook.php(324): bulk_image_resizer\Bir_loader->next_bulk('')
#3 /Users/fadmamoumni/Local Sites/chic-dressing/app/public/wp-includes/class-wp-hook.php(348): WP_Hook->apply_filters('', Array)
#4 /Users/fadmamoumni/Local Sites/chic-dressing/app/public/wp-includes/plugin.php(517): WP_Hook->do_action(Array)
#5 /Us in /Users/fadmamoumni/Local Sites/chic-dressing/app/public/wp-content/plugins/bulk-image-resizer/includes/class-bir-optimize-function.php on line 116
[05-Jan-2024 19:37:36 UTC] PHP Fatal error:  Uncaught Error: Call to undefined function bulk_image_resizer\imagecreatefromwebp() in /Users/fadmamoumni/Local Sites/chic-dressing/app/public/wp-content/plugins/bulk-image-resizer/includes/class-bir-optimize-function.php:116
Stack trace:
#0 /Users/fadmamoumni/Local Sites/chic-dressing/app/public/wp-content/plugins/bulk-image-resizer/includes/class-bir-facade.php(29): bulk_image_resizer\Bir_optimize_functions::optimize(933, 1920, 1080, 82, true)
#1 /Users/fadmamoumni/Local Sites/chic-dressing/app/public/wp-content/plugins/bulk-image-resizer/includes/class-bir-loader.php(110): bulk_image_resizer\Bir_facade::process_image('933')
#2 /Users/fadmamoumni/Local Sites/chic-dressing/app/public/wp-includes/class-wp-hook.php(324): bulk_image_resizer\Bir_loader->next_bulk('')
#3 /Users/fadmamoumni/Local Sites/chic-dressing/app/public/wp-includes/class-wp-hook.php(348): WP_Hook->apply_filters('', Array)
#4 /Users/fadmamoumni/Local Sites/chic-dressing/app/public/wp-includes/plugin.php(517): WP_Hook->do_action(Array)
#5 /Us in /Users/fadmamoumni/Local Sites/chic-dressing/app/public/wp-content/plugins/bulk-image-resizer/includes/class-bir-optimize-function.php on line 116
[05-Jan-2024 19:37:38 UTC] PHP Fatal error:  Uncaught Error: Call to undefined function bulk_image_resizer\imagecreatefromwebp() in /Users/fadmamoumni/Local Sites/chic-dressing/app/public/wp-content/plugins/bulk-image-resizer/includes/class-bir-optimize-function.php:116
Stack trace:
#0 /Users/fadmamoumni/Local Sites/chic-dressing/app/public/wp-content/plugins/bulk-image-resizer/includes/class-bir-facade.php(29): bulk_image_resizer\Bir_optimize_functions::optimize(940, 1920, 1080, 82, true)
#1 /Users/fadmamoumni/Local Sites/chic-dressing/app/public/wp-content/plugins/bulk-image-resizer/includes/class-bir-loader.php(110): bulk_image_resizer\Bir_facade::process_image('940')
#2 /Users/fadmamoumni/Local Sites/chic-dressing/app/public/wp-includes/class-wp-hook.php(324): bulk_image_resizer\Bir_loader->next_bulk('')
#3 /Users/fadmamoumni/Local Sites/chic-dressing/app/public/wp-includes/class-wp-hook.php(348): WP_Hook->apply_filters('', Array)
#4 /Users/fadmamoumni/Local Sites/chic-dressing/app/public/wp-includes/plugin.php(517): WP_Hook->do_action(Array)
#5 /Us in /Users/fadmamoumni/Local Sites/chic-dressing/app/public/wp-content/plugins/bulk-image-resizer/includes/class-bir-optimize-function.php on line 116
[05-Jan-2024 19:37:39 UTC] PHP Fatal error:  Uncaught Error: Call to undefined function bulk_image_resizer\imagecreatefromwebp() in /Users/fadmamoumni/Local Sites/chic-dressing/app/public/wp-content/plugins/bulk-image-resizer/includes/class-bir-optimize-function.php:116
Stack trace:
#0 /Users/fadmamoumni/Local Sites/chic-dressing/app/public/wp-content/plugins/bulk-image-resizer/includes/class-bir-facade.php(29): bulk_image_resizer\Bir_optimize_functions::optimize(949, 1920, 1080, 82, true)
#1 /Users/fadmamoumni/Local Sites/chic-dressing/app/public/wp-content/plugins/bulk-image-resizer/includes/class-bir-loader.php(110): bulk_image_resizer\Bir_facade::process_image('949')
#2 /Users/fadmamoumni/Local Sites/chic-dressing/app/public/wp-includes/class-wp-hook.php(324): bulk_image_resizer\Bir_loader->next_bulk('')
#3 /Users/fadmamoumni/Local Sites/chic-dressing/app/public/wp-includes/class-wp-hook.php(348): WP_Hook->apply_filters('', Array)
#4 /Users/fadmamoumni/Local Sites/chic-dressing/app/public/wp-includes/plugin.php(517): WP_Hook->do_action(Array)
#5 /Us in /Users/fadmamoumni/Local Sites/chic-dressing/app/public/wp-content/plugins/bulk-image-resizer/includes/class-bir-optimize-function.php on line 116
[05-Jan-2024 19:37:40 UTC] PHP Fatal error:  Uncaught Error: Call to undefined function bulk_image_resizer\imagecreatefromwebp() in /Users/fadmamoumni/Local Sites/chic-dressing/app/public/wp-content/plugins/bulk-image-resizer/includes/class-bir-optimize-function.php:116
Stack trace:
#0 /Users/fadmamoumni/Local Sites/chic-dressing/app/public/wp-content/plugins/bulk-image-resizer/includes/class-bir-facade.php(29): bulk_image_resizer\Bir_optimize_functions::optimize(951, 1920, 1080, 82, true)
#1 /Users/fadmamoumni/Local Sites/chic-dressing/app/public/wp-content/plugins/bulk-image-resizer/includes/class-bir-loader.php(110): bulk_image_resizer\Bir_facade::process_image('951')
#2 /Users/fadmamoumni/Local Sites/chic-dressing/app/public/wp-includes/class-wp-hook.php(324): bulk_image_resizer\Bir_loader->next_bulk('')
#3 /Users/fadmamoumni/Local Sites/chic-dressing/app/public/wp-includes/class-wp-hook.php(348): WP_Hook->apply_filters('', Array)
#4 /Users/fadmamoumni/Local Sites/chic-dressing/app/public/wp-includes/plugin.php(517): WP_Hook->do_action(Array)
#5 /Us in /Users/fadmamoumni/Local Sites/chic-dressing/app/public/wp-content/plugins/bulk-image-resizer/includes/class-bir-optimize-function.php on line 116
[05-Jan-2024 19:37:41 UTC] PHP Fatal error:  Uncaught Error: Call to undefined function bulk_image_resizer\imagecreatefromwebp() in /Users/fadmamoumni/Local Sites/chic-dressing/app/public/wp-content/plugins/bulk-image-resizer/includes/class-bir-optimize-function.php:116
Stack trace:
#0 /Users/fadmamoumni/Local Sites/chic-dressing/app/public/wp-content/plugins/bulk-image-resizer/includes/class-bir-facade.php(29): bulk_image_resizer\Bir_optimize_functions::optimize(953, 1920, 1080, 82, true)
#1 /Users/fadmamoumni/Local Sites/chic-dressing/app/public/wp-content/plugins/bulk-image-resizer/includes/class-bir-loader.php(110): bulk_image_resizer\Bir_facade::process_image('953')
#2 /Users/fadmamoumni/Local Sites/chic-dressing/app/public/wp-includes/class-wp-hook.php(324): bulk_image_resizer\Bir_loader->next_bulk('')
#3 /Users/fadmamoumni/Local Sites/chic-dressing/app/public/wp-includes/class-wp-hook.php(348): WP_Hook->apply_filters('', Array)
#4 /Users/fadmamoumni/Local Sites/chic-dressing/app/public/wp-includes/plugin.php(517): WP_Hook->do_action(Array)
#5 /Us in /Users/fadmamoumni/Local Sites/chic-dressing/app/public/wp-content/plugins/bulk-image-resizer/includes/class-bir-optimize-function.php on line 116
[05-Jan-2024 19:37:44 UTC] PHP Fatal error:  Uncaught Error: Call to undefined function bulk_image_resizer\imagecreatefromwebp() in /Users/fadmamoumni/Local Sites/chic-dressing/app/public/wp-content/plugins/bulk-image-resizer/includes/class-bir-optimize-function.php:116
Stack trace:
#0 /Users/fadmamoumni/Local Sites/chic-dressing/app/public/wp-content/plugins/bulk-image-resizer/includes/class-bir-facade.php(29): bulk_image_resizer\Bir_optimize_functions::optimize(954, 1920, 1080, 82, true)
#1 /Users/fadmamoumni/Local Sites/chic-dressing/app/public/wp-content/plugins/bulk-image-resizer/includes/class-bir-loader.php(110): bulk_image_resizer\Bir_facade::process_image('954')
#2 /Users/fadmamoumni/Local Sites/chic-dressing/app/public/wp-includes/class-wp-hook.php(324): bulk_image_resizer\Bir_loader->next_bulk('')
#3 /Users/fadmamoumni/Local Sites/chic-dressing/app/public/wp-includes/class-wp-hook.php(348): WP_Hook->apply_filters('', Array)
#4 /Users/fadmamoumni/Local Sites/chic-dressing/app/public/wp-includes/plugin.php(517): WP_Hook->do_action(Array)
#5 /Us in /Users/fadmamoumni/Local Sites/chic-dressing/app/public/wp-content/plugins/bulk-image-resizer/includes/class-bir-optimize-function.php on line 116
[05-Jan-2024 19:37:46 UTC] PHP Fatal error:  Uncaught Error: Call to undefined function bulk_image_resizer\imagecreatefromwebp() in /Users/fadmamoumni/Local Sites/chic-dressing/app/public/wp-content/plugins/bulk-image-resizer/includes/class-bir-optimize-function.php:116
Stack trace:
#0 /Users/fadmamoumni/Local Sites/chic-dressing/app/public/wp-content/plugins/bulk-image-resizer/includes/class-bir-facade.php(29): bulk_image_resizer\Bir_optimize_functions::optimize(955, 1920, 1080, 82, true)
#1 /Users/fadmamoumni/Local Sites/chic-dressing/app/public/wp-content/plugins/bulk-image-resizer/includes/class-bir-loader.php(110): bulk_image_resizer\Bir_facade::process_image('955')
#2 /Users/fadmamoumni/Local Sites/chic-dressing/app/public/wp-includes/class-wp-hook.php(324): bulk_image_resizer\Bir_loader->next_bulk('')
#3 /Users/fadmamoumni/Local Sites/chic-dressing/app/public/wp-includes/class-wp-hook.php(348): WP_Hook->apply_filters('', Array)
#4 /Users/fadmamoumni/Local Sites/chic-dressing/app/public/wp-includes/plugin.php(517): WP_Hook->do_action(Array)
#5 /Us in /Users/fadmamoumni/Local Sites/chic-dressing/app/public/wp-content/plugins/bulk-image-resizer/includes/class-bir-optimize-function.php on line 116
[05-Jan-2024 19:37:48 UTC] PHP Fatal error:  Uncaught Error: Call to undefined function bulk_image_resizer\imagecreatefromwebp() in /Users/fadmamoumni/Local Sites/chic-dressing/app/public/wp-content/plugins/bulk-image-resizer/includes/class-bir-optimize-function.php:116
Stack trace:
#0 /Users/fadmamoumni/Local Sites/chic-dressing/app/public/wp-content/plugins/bulk-image-resizer/includes/class-bir-facade.php(29): bulk_image_resizer\Bir_optimize_functions::optimize(956, 1920, 1080, 82, true)
#1 /Users/fadmamoumni/Local Sites/chic-dressing/app/public/wp-content/plugins/bulk-image-resizer/includes/class-bir-loader.php(110): bulk_image_resizer\Bir_facade::process_image('956')
#2 /Users/fadmamoumni/Local Sites/chic-dressing/app/public/wp-includes/class-wp-hook.php(324): bulk_image_resizer\Bir_loader->next_bulk('')
#3 /Users/fadmamoumni/Local Sites/chic-dressing/app/public/wp-includes/class-wp-hook.php(348): WP_Hook->apply_filters('', Array)
#4 /Users/fadmamoumni/Local Sites/chic-dressing/app/public/wp-includes/plugin.php(517): WP_Hook->do_action(Array)
#5 /Us in /Users/fadmamoumni/Local Sites/chic-dressing/app/public/wp-content/plugins/bulk-image-resizer/includes/class-bir-optimize-function.php on line 116
[05-Jan-2024 19:37:50 UTC] PHP Fatal error:  Uncaught Error: Call to undefined function bulk_image_resizer\imagecreatefromwebp() in /Users/fadmamoumni/Local Sites/chic-dressing/app/public/wp-content/plugins/bulk-image-resizer/includes/class-bir-optimize-function.php:116
Stack trace:
#0 /Users/fadmamoumni/Local Sites/chic-dressing/app/public/wp-content/plugins/bulk-image-resizer/includes/class-bir-facade.php(29): bulk_image_resizer\Bir_optimize_functions::optimize(957, 1920, 1080, 82, true)
#1 /Users/fadmamoumni/Local Sites/chic-dressing/app/public/wp-content/plugins/bulk-image-resizer/includes/class-bir-loader.php(110): bulk_image_resizer\Bir_facade::process_image('957')
#2 /Users/fadmamoumni/Local Sites/chic-dressing/app/public/wp-includes/class-wp-hook.php(324): bulk_image_resizer\Bir_loader->next_bulk('')
#3 /Users/fadmamoumni/Local Sites/chic-dressing/app/public/wp-includes/class-wp-hook.php(348): WP_Hook->apply_filters('', Array)
#4 /Users/fadmamoumni/Local Sites/chic-dressing/app/public/wp-includes/plugin.php(517): WP_Hook->do_action(Array)
#5 /Us in /Users/fadmamoumni/Local Sites/chic-dressing/app/public/wp-content/plugins/bulk-image-resizer/includes/class-bir-optimize-function.php on line 116
[05-Jan-2024 19:37:51 UTC] PHP Fatal error:  Uncaught Error: Call to undefined function bulk_image_resizer\imagecreatefromwebp() in /Users/fadmamoumni/Local Sites/chic-dressing/app/public/wp-content/plugins/bulk-image-resizer/includes/class-bir-optimize-function.php:116
Stack trace:
#0 /Users/fadmamoumni/Local Sites/chic-dressing/app/public/wp-content/plugins/bulk-image-resizer/includes/class-bir-facade.php(29): bulk_image_resizer\Bir_optimize_functions::optimize(958, 1920, 1080, 82, true)
#1 /Users/fadmamoumni/Local Sites/chic-dressing/app/public/wp-content/plugins/bulk-image-resizer/includes/class-bir-loader.php(110): bulk_image_resizer\Bir_facade::process_image('958')
#2 /Users/fadmamoumni/Local Sites/chic-dressing/app/public/wp-includes/class-wp-hook.php(324): bulk_image_resizer\Bir_loader->next_bulk('')
#3 /Users/fadmamoumni/Local Sites/chic-dressing/app/public/wp-includes/class-wp-hook.php(348): WP_Hook->apply_filters('', Array)
#4 /Users/fadmamoumni/Local Sites/chic-dressing/app/public/wp-includes/plugin.php(517): WP_Hook->do_action(Array)
#5 /Us in /Users/fadmamoumni/Local Sites/chic-dressing/app/public/wp-content/plugins/bulk-image-resizer/includes/class-bir-optimize-function.php on line 116
[05-Jan-2024 19:37:53 UTC] PHP Fatal error:  Uncaught Error: Call to undefined function bulk_image_resizer\imagecreatefromwebp() in /Users/fadmamoumni/Local Sites/chic-dressing/app/public/wp-content/plugins/bulk-image-resizer/includes/class-bir-optimize-function.php:116
Stack trace:
#0 /Users/fadmamoumni/Local Sites/chic-dressing/app/public/wp-content/plugins/bulk-image-resizer/includes/class-bir-facade.php(29): bulk_image_resizer\Bir_optimize_functions::optimize(959, 1920, 1080, 82, true)
#1 /Users/fadmamoumni/Local Sites/chic-dressing/app/public/wp-content/plugins/bulk-image-resizer/includes/class-bir-loader.php(110): bulk_image_resizer\Bir_facade::process_image('959')
#2 /Users/fadmamoumni/Local Sites/chic-dressing/app/public/wp-includes/class-wp-hook.php(324): bulk_image_resizer\Bir_loader->next_bulk('')
#3 /Users/fadmamoumni/Local Sites/chic-dressing/app/public/wp-includes/class-wp-hook.php(348): WP_Hook->apply_filters('', Array)
#4 /Users/fadmamoumni/Local Sites/chic-dressing/app/public/wp-includes/plugin.php(517): WP_Hook->do_action(Array)
#5 /Us in /Users/fadmamoumni/Local Sites/chic-dressing/app/public/wp-content/plugins/bulk-image-resizer/includes/class-bir-optimize-function.php on line 116
[05-Jan-2024 19:37:55 UTC] PHP Fatal error:  Uncaught Error: Call to undefined function bulk_image_resizer\imagecreatefromwebp() in /Users/fadmamoumni/Local Sites/chic-dressing/app/public/wp-content/plugins/bulk-image-resizer/includes/class-bir-optimize-function.php:116
Stack trace:
#0 /Users/fadmamoumni/Local Sites/chic-dressing/app/public/wp-content/plugins/bulk-image-resizer/includes/class-bir-facade.php(29): bulk_image_resizer\Bir_optimize_functions::optimize(960, 1920, 1080, 82, true)
#1 /Users/fadmamoumni/Local Sites/chic-dressing/app/public/wp-content/plugins/bulk-image-resizer/includes/class-bir-loader.php(110): bulk_image_resizer\Bir_facade::process_image('960')
#2 /Users/fadmamoumni/Local Sites/chic-dressing/app/public/wp-includes/class-wp-hook.php(324): bulk_image_resizer\Bir_loader->next_bulk('')
#3 /Users/fadmamoumni/Local Sites/chic-dressing/app/public/wp-includes/class-wp-hook.php(348): WP_Hook->apply_filters('', Array)
#4 /Users/fadmamoumni/Local Sites/chic-dressing/app/public/wp-includes/plugin.php(517): WP_Hook->do_action(Array)
#5 /Us in /Users/fadmamoumni/Local Sites/chic-dressing/app/public/wp-content/plugins/bulk-image-resizer/includes/class-bir-optimize-function.php on line 116
[05-Jan-2024 20:42:43 UTC] Cron reschedule event error for hook: action_scheduler_run_queue, Error code: invalid_schedule, Error message: L’évènement planifié n’existe pas., Data: {"schedule":"every_minute","args":["WP Cron"],"interval":60}
[05-Jan-2024 20:42:52 UTC] Cron reschedule event error for hook: woocommerce_geoip_updater, Error code: invalid_schedule, Error message: L’évènement planifié n’existe pas., Data: {"schedule":"fifteendays","args":[],"interval":1296000}
[05-Jan-2024 21:52:54 UTC] Cron reschedule event error for hook: ewww_image_optimizer_relative_migration, Error code: invalid_schedule, Error message: L’évènement planifié n’existe pas., Data: {"schedule":"ewwwio_relative_migration_interval","args":[],"interval":300}
